c:\users\rmaple\onedrive - neumont college of computer science\dev\gat160\ncgame\engine\debug\vc141.pdb
c:\users\rmaple\onedrive - neumont college of computer science\dev\gat160\ncgame\engine\debug\vc141.idb
c:\users\rmaple\onedrive - neumont college of computer science\dev\gat160\ncgame\engine\debug\color.obj
c:\users\rmaple\onedrive - neumont college of computer science\dev\gat160\ncgame\engine\debug\engine.obj
c:\users\rmaple\onedrive - neumont college of computer science\dev\gat160\ncgame\engine\debug\math.obj
c:\users\rmaple\onedrive - neumont college of computer science\dev\gat160\ncgame\engine\debug\matrix22.obj
c:\users\rmaple\onedrive - neumont college of computer science\dev\gat160\ncgame\engine\debug\matrix33.obj
c:\users\rmaple\onedrive - neumont college of computer science\dev\gat160\ncgame\engine\debug\renderer.obj
c:\users\rmaple\onedrive - neumont college of computer science\dev\gat160\ncgame\engine\debug\texturemanager.obj
c:\users\rmaple\onedrive - neumont college of computer science\dev\gat160\ncgame\engine\debug\vector2d.obj
c:\users\rmaple\onedrive - neumont college of computer science\dev\gat160\ncgame\engine\debug\vector3d.obj
c:\users\rmaple\onedrive - neumont college of computer science\dev\gat160\ncgame\debug\engine.lib
c:\users\rmaple\onedrive - neumont college of computer science\dev\gat160\ncgame\debug\engine.exp
c:\users\rmaple\onedrive - neumont college of computer science\dev\gat160\ncgame\debug\engine.ilk
c:\users\rmaple\onedrive - neumont college of computer science\dev\gat160\ncgame\debug\engine.dll
c:\users\rmaple\onedrive - neumont college of computer science\dev\gat160\ncgame\debug\engine.pdb
c:\users\rmaple\onedrive - neumont college of computer science\dev\gat160\ncgame\engine\debug\engine.tlog\cl.command.1.tlog
c:\users\rmaple\onedrive - neumont college of computer science\dev\gat160\ncgame\engine\debug\engine.tlog\cl.read.1.tlog
c:\users\rmaple\onedrive - neumont college of computer science\dev\gat160\ncgame\engine\debug\engine.tlog\cl.write.1.tlog
c:\users\rmaple\onedrive - neumont college of computer science\dev\gat160\ncgame\engine\debug\engine.tlog\engine.write.1u.tlog
c:\users\rmaple\onedrive - neumont college of computer science\dev\gat160\ncgame\engine\debug\engine.tlog\link.command.1.tlog
c:\users\rmaple\onedrive - neumont college of computer science\dev\gat160\ncgame\engine\debug\engine.tlog\link.read.1.tlog
c:\users\rmaple\onedrive - neumont college of computer science\dev\gat160\ncgame\engine\debug\engine.tlog\link.write.1.tlog
