c:\users\c.t.raines.iii\source\repos\ncgame\game\x64\debug\vc141.pdb
c:\users\c.t.raines.iii\source\repos\ncgame\game\x64\debug\vc141.idb
c:\users\c.t.raines.iii\source\repos\ncgame\game\x64\debug\game.obj
c:\users\c.t.raines.iii\source\repos\ncgame\game\x64\debug\main.obj
c:\users\c.t.raines.iii\source\repos\ncgame\game\x64\debug\missile.obj
c:\users\c.t.raines.iii\source\repos\ncgame\game\x64\debug\ship.obj
c:\users\c.t.raines.iii\source\repos\ncgame\game\x64\debug\shipcontrollercomponent.obj
c:\users\c.t.raines.iii\source\repos\ncgame\game\x64\debug\enemy.obj
c:\users\c.t.raines.iii\source\repos\ncgame\game\x64\debug\enemycontrollercomponent.obj
c:\users\c.t.raines.iii\source\repos\ncgame\x64\debug\game.exe
c:\users\c.t.raines.iii\source\repos\ncgame\x64\debug\game.ilk
c:\users\c.t.raines.iii\source\repos\ncgame\x64\debug\game.pdb
c:\users\craines\documents\c++\gamel\ncgame\game\x64\debug\enemy.obj
c:\users\craines\documents\c++\gamel\ncgame\game\x64\debug\enemycontrollercomponent.obj
c:\users\craines\documents\c++\gamel\ncgame\game\x64\debug\game.obj
c:\users\craines\documents\c++\gamel\ncgame\game\x64\debug\main.obj
c:\users\craines\documents\c++\gamel\ncgame\game\x64\debug\missile.obj
c:\users\craines\documents\c++\gamel\ncgame\game\x64\debug\ship.obj
c:\users\craines\documents\c++\gamel\ncgame\game\x64\debug\shipcontrollercomponent.obj
c:\users\craines\documents\c++\gamel\ncgame\game\x64\debug\vc141.idb
c:\users\craines\documents\c++\gamel\ncgame\game\x64\debug\vc141.pdb
c:\users\craines\documents\c++\gamel\ncgame\x64\debug\game.pdb
c:\users\craines\documents\c++\gamel\ncgame\x64\debug\game.exe
c:\users\craines\documents\c++\gamel\ncgame\x64\debug\game.ilk
c:\users\craines\documents\c++\gamel\ncgame\game\x64\debug\game.tlog\cl.command.1.tlog
c:\users\craines\documents\c++\gamel\ncgame\game\x64\debug\game.tlog\cl.read.1.tlog
c:\users\craines\documents\c++\gamel\ncgame\game\x64\debug\game.tlog\cl.write.1.tlog
c:\users\craines\documents\c++\gamel\ncgame\game\x64\debug\game.tlog\link.command.1.tlog
c:\users\craines\documents\c++\gamel\ncgame\game\x64\debug\game.tlog\link.read.1.tlog
c:\users\craines\documents\c++\gamel\ncgame\game\x64\debug\game.tlog\link.write.1.tlog
